execute success show tables
	attr: yumodb.mysql.client
execute error create table test_1 ( id int,name varchar(255),age int )
 (1050, "Table 'test_1' already exists")
	attr: yumodb.mysql.client
execute error create table test_2 ( id int,name varchar(255),age int,primary key(id),unique (name) )
 (1050, "Table 'test_2' already exists")
	attr: yumodb.mysql.client
execute success insert ignore into test_2 (id, name, age)values(1, 'yumo', 18)
	attr: yumodb.mysql.client
execute success insert ignore into test_2 (id, name, age)values(1, 'Y', 18)
	attr: yumodb.mysql.client
execute success insert ignore into test_2 (id, name, age)values(2, 'T', 20)
	attr: yumodb.mysql.client
execute success insert ignore into test_2 (id, name, age)values(3, 'H', 21)
	attr: yumodb.mysql.client
execute success insert ignore into test_2 (id, name, age)values(4, 'X', 19)
	attr: yumodb.mysql.client
execute success insert ignore into test_2 (id, name, age)values(5, 'M', 18)
	attr: yumodb.mysql.client
execute success insert ignore into test_2 values(1, 'yumo', 18)
	attr: yumodb.mysql.client
execute success insert ignore into test_2 values(1, 'Y', 18)
	attr: yumodb.mysql.client
execute success insert ignore into test_2 values(2, 'T', 20)
	attr: yumodb.mysql.client
execute success insert ignore into test_2 values(3, 'H', 21)
	attr: yumodb.mysql.client
execute success insert ignore into test_2 values(4, 'X', 19)
	attr: yumodb.mysql.client
execute success insert ignore into test_2 values(5, 'M', 18)
	attr: yumodb.mysql.client
execute success update test_2 set id = 1, name = 'yunximoran', age = 18 where id = 1
	attr: yumodb.mysql.client
execute success update test_2 set id = 2, name = 'yumo', age = 20 where id = 2
	attr: yumodb.mysql.client
execute success update test_2 set id = 3, name = '杨天华', age = 22 where id = 3
	attr: yumodb.mysql.client
execute success update test_2 set id = 4, name = '云曦墨染', age = 232 where id = 4
	attr: yumodb.mysql.client
execute success update test_2 set id = 4, name = '云曦墨染', age = 232 where id = 4
	attr: yumodb.mysql.client
execute success update test_2 set id = 5, name = '花前月下', age = 118 where id = 5
	attr: yumodb.mysql.client
execute success delete from test_2 where id = 1
	attr: yumodb.mysql.client
execute success select age from test_2 where id = 2
	attr: yumodb.mysql.client
