2025-07-14 14:33:59,509 - BroadHeartPkg - INFO - Started Broad Heart Packages


2025-07-14 14:33:59,512 - BroadHeartPkg - INFO - heart packages: {
    "ip": "192.168.31.176",
    "mac": "20-1E-88-F5-05-B9",
    "os": "Windows",
    "netspeed": 154,
    "softwares": [],
    "working": "D:\\working\\projects\\yumo",
    "files": {}
}


2025-07-14 14:34:00,514 - BroadHeartPkg - INFO - heart packages: {
    "ip": "192.168.31.176",
    "mac": "20-1E-88-F5-05-B9",
    "os": "Windows",
    "netspeed": 154,
    "softwares": [],
    "working": "D:\\working\\projects\\yumo",
    "files": {}
}


2025-07-14 14:34:01,516 - BroadHeartPkg - INFO - heart packages: {
    "ip": "192.168.31.176",
    "mac": "20-1E-88-F5-05-B9",
    "os": "Windows",
    "netspeed": 154,
    "softwares": [],
    "working": "D:\\working\\projects\\yumo",
    "files": {}
}


2025-07-14 14:34:02,517 - BroadHeartPkg - INFO - heart packages: {
    "ip": "192.168.31.176",
    "mac": "20-1E-88-F5-05-B9",
    "os": "Windows",
    "netspeed": 154,
    "softwares": [],
    "working": "D:\\working\\projects\\yumo",
    "files": {}
}


2025-07-14 14:34:03,519 - BroadHeartPkg - INFO - heart packages: {
    "ip": "192.168.31.176",
    "mac": "20-1E-88-F5-05-B9",
    "os": "Windows",
    "netspeed": 154,
    "softwares": [],
    "working": "D:\\working\\projects\\yumo",
    "files": {}
}


2025-07-14 14:34:04,520 - BroadHeartPkg - INFO - heart packages: {
    "ip": "192.168.31.176",
    "mac": "20-1E-88-F5-05-B9",
    "os": "Windows",
    "netspeed": 154,
    "softwares": [],
    "working": "D:\\working\\projects\\yumo",
    "files": {}
}


2025-07-14 14:34:05,522 - BroadHeartPkg - INFO - heart packages: {
    "ip": "192.168.31.176",
    "mac": "20-1E-88-F5-05-B9",
    "os": "Windows",
    "netspeed": 154,
    "softwares": [],
    "working": "D:\\working\\projects\\yumo",
    "files": {}
}


